0 info it worked if it ends with ok
1 verbose cli [ 'C:\\Program Files\\nodejs\\\\node.exe',
1 verbose cli   'C:\\Program Files\\nodejs\\node_modules\\npm\\bin\\npm-cli.js',
1 verbose cli   'install' ]
2 info using npm@2.5.1
3 info using node@v0.12.0
4 verbose node symlink C:\Program Files\nodejs\\node.exe
5 verbose install where, deps [ 'C:\\Users\\z672626\\Desktop\\react-webpack-demo\\react-webpack-demo',
5 verbose install   [ 'react',
5 verbose install     'react-route',
5 verbose install     'jquery',
5 verbose install     'react-tap-event-plugin',
5 verbose install     'iscroll',
5 verbose install     'object.assign',
5 verbose install     'jsx-loader',
5 verbose install     'webpack-dev-middleware',
5 verbose install     'css-loader',
5 verbose install     'style-loader',
5 verbose install     'url-loader',
5 verbose install     'react-router-component' ] ]
6 verbose install where, peers [ 'C:\\Users\\z672626\\Desktop\\react-webpack-demo\\react-webpack-demo',
6 verbose install   [] ]
7 info preinstall react-webpack-demo@1.0.0
8 warn package.json react-route@1.0.1 No repository field.
9 verbose already installed skipping object.assign@^3.0.1 C:\Users\z672626\Desktop\react-webpack-demo\react-webpack-demo
10 verbose already installed skipping jsx-loader@^0.12.2 C:\Users\z672626\Desktop\react-webpack-demo\react-webpack-demo
11 verbose already installed skipping webpack-dev-middleware@^1.0.11 C:\Users\z672626\Desktop\react-webpack-demo\react-webpack-demo
12 verbose already installed skipping css-loader@* C:\Users\z672626\Desktop\react-webpack-demo\react-webpack-demo
13 verbose already installed skipping style-loader@* C:\Users\z672626\Desktop\react-webpack-demo\react-webpack-demo
14 verbose already installed skipping url-loader@* C:\Users\z672626\Desktop\react-webpack-demo\react-webpack-demo
15 verbose already installed skipping react-router-component@>0.20 < 0.26 C:\Users\z672626\Desktop\react-webpack-demo\react-webpack-demo
16 verbose already installed skipping react@* C:\Users\z672626\Desktop\react-webpack-demo\react-webpack-demo
17 verbose already installed skipping react-route@* C:\Users\z672626\Desktop\react-webpack-demo\react-webpack-demo
18 verbose already installed skipping jquery@* C:\Users\z672626\Desktop\react-webpack-demo\react-webpack-demo
19 verbose already installed skipping react-tap-event-plugin@* C:\Users\z672626\Desktop\react-webpack-demo\react-webpack-demo
20 verbose already installed skipping iscroll@5.* C:\Users\z672626\Desktop\react-webpack-demo\react-webpack-demo
21 silly install resolved []
22 info build C:\Users\z672626\Desktop\react-webpack-demo\react-webpack-demo
23 verbose linkStuff [ false,
23 verbose linkStuff   false,
23 verbose linkStuff   false,
23 verbose linkStuff   'C:\\Users\\z672626\\Desktop\\react-webpack-demo' ]
24 info linkStuff react-webpack-demo@1.0.0
25 verbose linkBins react-webpack-demo@1.0.0
26 verbose linkMans react-webpack-demo@1.0.0
27 verbose rebuildBundles react-webpack-demo@1.0.0
28 verbose rebuildBundles [ '.bin',
28 verbose rebuildBundles   'bluebird',
28 verbose rebuildBundles   'css-loader',
28 verbose rebuildBundles   'file-loader',
28 verbose rebuildBundles   'iscroll',
28 verbose rebuildBundles   'jquery',
28 verbose rebuildBundles   'jsx-loader',
28 verbose rebuildBundles   'object.assign',
28 verbose rebuildBundles   'react',
28 verbose rebuildBundles   'react-async',
28 verbose rebuildBundles   'react-route',
28 verbose rebuildBundles   'react-router-component',
28 verbose rebuildBundles   'react-tap-event-plugin',
28 verbose rebuildBundles   'rrouter',
28 verbose rebuildBundles   'style-loader',
28 verbose rebuildBundles   'url-loader',
28 verbose rebuildBundles   'webpack',
28 verbose rebuildBundles   'webpack-dev-middleware' ]
29 verbose rebuild bundle C:\Users\z672626\Desktop\react-webpack-demo\react-webpack-demo\node_modules\bluebird
30 info build C:\Users\z672626\Desktop\react-webpack-demo\react-webpack-demo\node_modules\bluebird
31 info preinstall bluebird@2.9.34
32 verbose linkStuff [ false,
32 verbose linkStuff   false,
32 verbose linkStuff   false,
32 verbose linkStuff   'C:\\Users\\z672626\\Desktop\\react-webpack-demo\\react-webpack-demo\\node_modules' ]
33 info linkStuff bluebird@2.9.34
34 verbose linkBins bluebird@2.9.34
35 verbose linkMans bluebird@2.9.34
36 verbose rebuildBundles bluebird@2.9.34
37 info install bluebird@2.9.34
38 info postinstall bluebird@2.9.34
39 verbose rebuild bundle C:\Users\z672626\Desktop\react-webpack-demo\react-webpack-demo\node_modules\file-loader
40 info build C:\Users\z672626\Desktop\react-webpack-demo\react-webpack-demo\node_modules\file-loader
41 info preinstall file-loader@0.8.4
42 verbose linkStuff [ false,
42 verbose linkStuff   false,
42 verbose linkStuff   false,
42 verbose linkStuff   'C:\\Users\\z672626\\Desktop\\react-webpack-demo\\react-webpack-demo\\node_modules' ]
43 info linkStuff file-loader@0.8.4
44 verbose linkBins file-loader@0.8.4
45 verbose linkMans file-loader@0.8.4
46 verbose rebuildBundles file-loader@0.8.4
47 verbose rebuildBundles [ 'loader-utils' ]
48 info install file-loader@0.8.4
49 info postinstall file-loader@0.8.4
50 verbose rebuild bundle C:\Users\z672626\Desktop\react-webpack-demo\react-webpack-demo\node_modules\react-async
51 info build C:\Users\z672626\Desktop\react-webpack-demo\react-webpack-demo\node_modules\react-async
52 info preinstall react-async@2.1.0
53 verbose linkStuff [ false,
53 verbose linkStuff   false,
53 verbose linkStuff   false,
53 verbose linkStuff   'C:\\Users\\z672626\\Desktop\\react-webpack-demo\\react-webpack-demo\\node_modules' ]
54 info linkStuff react-async@2.1.0
55 verbose linkBins react-async@2.1.0
56 verbose linkMans react-async@2.1.0
57 verbose rebuildBundles react-async@2.1.0
58 verbose rebuildBundles [ 'ascii-json' ]
59 info install react-async@2.1.0
60 info postinstall react-async@2.1.0
61 verbose rebuild bundle C:\Users\z672626\Desktop\react-webpack-demo\react-webpack-demo\node_modules\rrouter
62 info build C:\Users\z672626\Desktop\react-webpack-demo\react-webpack-demo\node_modules\rrouter
63 info preinstall rrouter@0.4.2
64 verbose linkStuff [ false,
64 verbose linkStuff   false,
64 verbose linkStuff   false,
64 verbose linkStuff   'C:\\Users\\z672626\\Desktop\\react-webpack-demo\\react-webpack-demo\\node_modules' ]
65 info linkStuff rrouter@0.4.2
66 verbose linkBins rrouter@0.4.2
67 verbose linkMans rrouter@0.4.2
68 verbose rebuildBundles rrouter@0.4.2
69 verbose rebuildBundles [ 'qs', 'url-pattern' ]
70 info install rrouter@0.4.2
71 info postinstall rrouter@0.4.2
72 verbose rebuild bundle C:\Users\z672626\Desktop\react-webpack-demo\react-webpack-demo\node_modules\webpack
73 info build C:\Users\z672626\Desktop\react-webpack-demo\react-webpack-demo\node_modules\webpack
74 info preinstall webpack@1.10.5
75 verbose linkStuff [ false,
75 verbose linkStuff   false,
75 verbose linkStuff   false,
75 verbose linkStuff   'C:\\Users\\z672626\\Desktop\\react-webpack-demo\\react-webpack-demo\\node_modules' ]
76 info linkStuff webpack@1.10.5
77 verbose linkBins webpack@1.10.5
78 verbose link bins [ { webpack: './bin/webpack.js' },
78 verbose link bins   'C:\\Users\\z672626\\Desktop\\react-webpack-demo\\react-webpack-demo\\node_modules\\.bin',
78 verbose link bins   false ]
79 verbose linkMans webpack@1.10.5
80 verbose rebuildBundles webpack@1.10.5
81 verbose rebuildBundles [ '.bin',
81 verbose rebuildBundles   'async',
81 verbose rebuildBundles   'clone',
81 verbose rebuildBundles   'enhanced-resolve',
81 verbose rebuildBundles   'esprima',
81 verbose rebuildBundles   'interpret',
81 verbose rebuildBundles   'memory-fs',
81 verbose rebuildBundles   'mkdirp',
81 verbose rebuildBundles   'node-libs-browser',
81 verbose rebuildBundles   'optimist',
81 verbose rebuildBundles   'supports-color',
81 verbose rebuildBundles   'tapable',
81 verbose rebuildBundles   'uglify-js',
81 verbose rebuildBundles   'watchpack',
81 verbose rebuildBundles   'webpack-core' ]
82 info install webpack@1.10.5
83 info postinstall webpack@1.10.5
84 info install react-webpack-demo@1.0.0
85 info postinstall react-webpack-demo@1.0.0
86 info prepublish react-webpack-demo@1.0.0
87 verbose stack Error: The package react does not satisfy its siblings' peerDependencies requirements!
87 verbose stack     at C:\Program Files\nodejs\node_modules\npm\lib\install.js:103:32
87 verbose stack     at C:\Program Files\nodejs\node_modules\npm\lib\install.js:225:5
87 verbose stack     at C:\Program Files\nodejs\node_modules\npm\node_modules\read-installed\read-installed.js:138:5
87 verbose stack     at C:\Program Files\nodejs\node_modules\npm\node_modules\read-installed\read-installed.js:251:14
87 verbose stack     at cb (C:\Program Files\nodejs\node_modules\npm\node_modules\slide\lib\async-map.js:47:24)
87 verbose stack     at C:\Program Files\nodejs\node_modules\npm\node_modules\read-installed\read-installed.js:251:14
87 verbose stack     at cb (C:\Program Files\nodejs\node_modules\npm\node_modules\slide\lib\async-map.js:47:24)
87 verbose stack     at C:\Program Files\nodejs\node_modules\npm\node_modules\read-installed\read-installed.js:251:14
87 verbose stack     at cb (C:\Program Files\nodejs\node_modules\npm\node_modules\slide\lib\async-map.js:47:24)
87 verbose stack     at C:\Program Files\nodejs\node_modules\npm\node_modules\read-installed\read-installed.js:251:14
88 verbose cwd C:\Users\z672626\Desktop\react-webpack-demo\react-webpack-demo
89 error Windows_NT 6.1.7601
90 error argv "C:\\Program Files\\nodejs\\\\node.exe" "C:\\Program Files\\nodejs\\node_modules\\npm\\bin\\npm-cli.js" "install"
91 error node v0.12.0
92 error npm  v2.5.1
93 error code EPEERINVALID
94 error peerinvalid The package react does not satisfy its siblings' peerDependencies requirements!
94 error peerinvalid Peer react-tap-event-plugin@0.1.7 wants react@~0.13.x || ~0.12.x
94 error peerinvalid Peer react-router-component@0.25.4 wants react@>=0.12.0 <0.14.0
94 error peerinvalid Peer react-async@2.1.0 wants react@>=0.12.0 <0.14.0
94 error peerinvalid Peer rrouter@0.4.2 wants react@0.10.0 - 0.11.x
95 verbose exit [ 1, true ]
